2025-07-28 15:30:58,086 - INFO - Running data pipeline only (collection + processing + dataset generation)...
2025-07-28 15:30:58,088 - INFO - Starting data collection phase...
2025-07-28 15:30:59,656 - INFO - Starting enhanced data collection with famous EV charging datasets...
2025-07-28 15:30:59,656 - INFO - === Collecting from Famous EV Charging Datasets ===
2025-07-28 15:30:59,656 - INFO - Collecting ACN-Data sample (simulated due to API requirements)
2025-07-28 15:30:59,657 - INFO - Collected 2 ACN-Data sample records
2025-07-28 15:30:59,657 - INFO - Collecting DOE EV Data Collection sample
2025-07-28 15:30:59,658 - INFO - Collected 2 DOE EV data records
2025-07-28 15:30:59,658 - INFO - Collecting Alternative Fuel Stations data
2025-07-28 15:31:00,872 - INFO - Collected 2 Alternative Fuel Station records
2025-07-28 15:31:00,873 - INFO - Collected 2 research paper extracts
2025-07-28 15:31:00,873 - INFO - === Collecting from Web Sources ===
2025-07-28 15:31:00,873 - INFO - Scraping: Wikipedia - EV Charging
2025-07-28 15:31:02,453 - INFO - Scraping: Wikipedia - Charging Station
2025-07-28 15:31:04,028 - INFO - Scraping: Wikipedia - EVSE
2025-07-28 15:31:05,638 - INFO - Scraping: Wikipedia - CHAdeMO
2025-07-28 15:31:07,049 - INFO - Scraping: Wikipedia - CCS
2025-07-28 15:31:08,411 - INFO - Scraping: Wikipedia - SAE J1772
2025-07-28 15:31:09,850 - INFO - Scraping: Wikipedia - Tesla Supercharger
2025-07-28 15:31:11,325 - INFO - === Processing PDF Documents ===
2025-07-28 15:31:11,326 - INFO - === Generating Domain-Specific Training Data ===
2025-07-28 15:31:11,326 - INFO - Generated 4 domain-specific content items
2025-07-28 15:31:11,335 - INFO - Data collection completed! Collected 19 items from 12 sources
2025-07-28 15:31:11,336 - INFO - Source breakdown:
2025-07-28 15:31:11,336 - INFO -   ACN-Data (Caltech): 2 items
2025-07-28 15:31:11,337 - INFO -   DOE EV Data Collection: 2 items
2025-07-28 15:31:11,338 - INFO -   NREL Alternative Fuel Stations: 2 items
2025-07-28 15:31:11,338 - INFO -   Research Literature: 2 items
2025-07-28 15:31:11,339 - INFO -   Wikipedia - EV Charging: 1 items
2025-07-28 15:31:11,339 - INFO -   Wikipedia - Charging Station: 1 items
2025-07-28 15:31:11,340 - INFO -   Wikipedia - EVSE: 1 items
2025-07-28 15:31:11,340 - INFO -   Wikipedia - CHAdeMO: 1 items
2025-07-28 15:31:11,341 - INFO -   Wikipedia - CCS: 1 items
2025-07-28 15:31:11,341 - INFO -   Wikipedia - SAE J1772: 1 items
2025-07-28 15:31:11,341 - INFO -   Wikipedia - Tesla Supercharger: 1 items
2025-07-28 15:31:11,342 - INFO -   Domain Expert Content: 4 items
2025-07-28 15:31:11,342 - INFO - Data collection completed. Collected 19 items.
2025-07-28 15:31:11,343 - INFO - Starting data processing phase...
2025-07-28 15:31:19,740 - INFO - Data processing completed. Processed 12 items.
2025-07-28 15:31:19,740 - INFO - Starting dataset generation phase...
2025-07-28 15:32:15,845 - WARNING - Xet Storage is enabled for this repo, but the 'hf_xet' package is not installed. Falling back to regular HTTP download. For better performance, install the package with: `pip install huggingface_hub[hf_xet]` or `pip install hf_xet`
2025-07-31 21:51:34,676 - INFO - ============================================================
2025-07-31 21:51:34,676 - INFO - STARTING FULL PIPELINE EXECUTION
2025-07-31 21:51:34,677 - INFO - ============================================================
2025-07-31 21:51:34,677 - INFO - Checking prerequisites...
2025-07-31 21:51:34,678 - INFO - All prerequisites met.
2025-07-31 21:51:34,680 - INFO - Pipeline configuration loaded for domain: electric vehicle charging stations
2025-07-31 21:51:34,681 - INFO - Starting data collection phase...
2025-07-31 21:51:37,179 - INFO - Starting enhanced data collection with famous EV charging datasets...
2025-07-31 21:51:37,179 - INFO - === Collecting from Famous EV Charging Datasets ===
2025-07-31 21:51:37,180 - INFO - Collecting ACN-Data sample (simulated due to API requirements)
2025-07-31 21:51:37,180 - INFO - Collected 2 ACN-Data sample records
2025-07-31 21:51:37,180 - INFO - Collecting DOE EV Data Collection sample
2025-07-31 21:51:37,181 - INFO - Collected 2 DOE EV data records
2025-07-31 21:51:37,181 - INFO - Collecting Alternative Fuel Stations data
2025-07-31 21:51:37,181 - INFO - Collected 2 Alternative Fuel Station records
2025-07-31 21:51:37,182 - INFO - Collecting Hamburg Public Charging Station Utilization data
2025-07-31 21:51:37,182 - INFO - Collected 2 Hamburg charging utilization records
2025-07-31 21:51:37,182 - INFO - Collecting Chinese High-Resolution EV Charging Dataset
2025-07-31 21:51:37,183 - INFO - Collected 2 Chinese high-resolution charging records
2025-07-31 21:51:37,183 - INFO - Collecting Workplace Charging High-Resolution Dataset
2025-07-31 21:51:37,183 - INFO - Collected 2 workplace charging records
2025-07-31 21:51:37,184 - INFO - Collected 3 research paper extracts
2025-07-31 21:51:37,184 - INFO - === Collecting from Web Sources ===
2025-07-31 21:51:37,184 - INFO - Scraping: Wikipedia - EV Charging
2025-07-31 21:51:39,414 - INFO - Scraping: Wikipedia - Charging Station
2025-07-31 21:51:40,959 - INFO - Scraping: Wikipedia - EVSE
2025-07-31 21:51:43,130 - INFO - Scraping: Wikipedia - CHAdeMO
2025-07-31 21:51:44,515 - INFO - Scraping: Wikipedia - CCS
2025-07-31 21:51:46,189 - INFO - Scraping: Wikipedia - SAE J1772
2025-07-31 21:51:47,559 - INFO - Scraping: Wikipedia - Tesla Supercharger
2025-07-31 21:51:48,972 - INFO - === Processing PDF Documents ===
2025-07-31 21:51:48,973 - INFO - === Generating Domain-Specific Training Data ===
2025-07-31 21:51:48,974 - INFO - Generated 4 domain-specific content items
2025-07-31 21:51:48,986 - INFO - Data collection completed! Collected 26 items from 15 sources
2025-07-31 21:51:48,986 - INFO - Source breakdown:
2025-07-31 21:51:48,987 - INFO -   ACN-Data (Caltech): 2 items
2025-07-31 21:51:48,987 - INFO -   DOE EV Data Collection: 2 items
2025-07-31 21:51:48,988 - INFO -   NREL Alternative Fuel Stations: 2 items
2025-07-31 21:51:48,988 - INFO -   Hamburg Public Charging (TUM): 2 items
2025-07-31 21:51:48,989 - INFO -   Chinese High-Resolution Dataset (SEU): 2 items
2025-07-31 21:51:48,989 - INFO -   Workplace Charging Dataset (Georgia Tech): 2 items
2025-07-31 21:51:48,990 - INFO -   Research Literature: 3 items
2025-07-31 21:51:48,990 - INFO -   Wikipedia - EV Charging: 1 items
2025-07-31 21:51:48,991 - INFO -   Wikipedia - Charging Station: 1 items
2025-07-31 21:51:48,991 - INFO -   Wikipedia - EVSE: 1 items
2025-07-31 21:51:48,992 - INFO -   Wikipedia - CHAdeMO: 1 items
2025-07-31 21:51:48,992 - INFO -   Wikipedia - CCS: 1 items
2025-07-31 21:51:48,993 - INFO -   Wikipedia - SAE J1772: 1 items
2025-07-31 21:51:48,993 - INFO -   Wikipedia - Tesla Supercharger: 1 items
2025-07-31 21:51:48,993 - INFO -   Domain Expert Content: 4 items
2025-07-31 21:51:48,994 - INFO - Data collection completed. Collected 26 items.
2025-07-31 21:51:48,995 - INFO - Starting data processing phase...
2025-07-31 21:51:50,760 - INFO - Data processing completed. Processed 19 items.
2025-07-31 21:51:50,760 - INFO - Starting dataset generation phase...
2025-07-31 21:52:01,325 - WARNING - Xet Storage is enabled for this repo, but the 'hf_xet' package is not installed. Falling back to regular HTTP download. For better performance, install the package with: `pip install huggingface_hub[hf_xet]` or `pip install hf_xet`
2025-07-31 21:53:20,192 - WARNING - Xet Storage is enabled for this repo, but the 'hf_xet' package is not installed. Falling back to regular HTTP download. For better performance, install the package with: `pip install huggingface_hub[hf_xet]` or `pip install hf_xet`
